Running Sphinx v8.1.3
loading translations [en]... done
making output directory... done
WARNING: html_static_path entry '_static' does not exist
[autosummary] generating autosummary for: _autosummary/csw2stac.add_metadata.rst, _autosummary/csw2stac.assets.rst, _autosummary/csw2stac.central_portal_layer_catalog.rst, _autosummary/csw2stac.csw_catalog.rst, _autosummary/csw2stac.csw_to_stac.rst, _autosummary/csw2stac.main.rst, _autosummary/csw2stac.rst, _autosummary/csw2stac.stac.rst, _autosummary/csw2stac.stac_to_resto.rst, _autosummary/csw2stac.utils.rst, changelog.rst, index.rst, installation.rst, modules.rst, tests.rst, usage.rst
Failed to load .env file from ../data/creds/emods3.env
building [mo]: targets for 0 po files that are out of date
writing output... 
building [html]: targets for 16 source files that are out of date
updating environment: [new config] 16 added, 0 changed, 0 removed
reading sources... [  6%] _autosummary/csw2stac
reading sources... [ 12%] _autosummary/csw2stac.add_metadata
reading sources... [ 19%] _autosummary/csw2stac.assets
reading sources... [ 25%] _autosummary/csw2stac.central_portal_layer_catalog
reading sources... [ 31%] _autosummary/csw2stac.csw_catalog
reading sources... [ 38%] _autosummary/csw2stac.csw_to_stac
reading sources... [ 44%] _autosummary/csw2stac.main
reading sources... [ 50%] _autosummary/csw2stac.stac
reading sources... [ 56%] _autosummary/csw2stac.stac_to_resto
reading sources... [ 62%] _autosummary/csw2stac.utils
reading sources... [ 69%] changelog
reading sources... [ 75%] index
reading sources... [ 81%] installation
reading sources... [ 88%] modules
reading sources... [ 94%] tests
reading sources... [100%] usage

WARNING: autodoc: failed to import function 'main' from module 'csw2stac'; the following exception was raised:
Traceback (most recent call last):
  File "/home/sammich-home/Documents/coding/csw-to-stac/.venv/lib/python3.12/site-packages/sphinx/util/inspect.py", line 397, in safe_getattr
    return getattr(obj, name, *defargs)
           ^^^^^^^^^^^^^^^^^^^^^^^^^^^^
AttributeError: module 'csw2stac' has no attribute 'main'

The above exception was the direct cause of the following exception:

Traceback (most recent call last):
  File "/home/sammich-home/Documents/coding/csw-to-stac/.venv/lib/python3.12/site-packages/sphinx/ext/autodoc/importer.py", line 207, in import_object
    obj = attrgetter(obj, mangled_name)
          ^^^^^^^^^^^^^^^^^^^^^^^^^^^^^
  File "/home/sammich-home/Documents/coding/csw-to-stac/.venv/lib/python3.12/site-packages/sphinx/ext/autodoc/__init__.py", line 343, in get_attr
    return autodoc_attrgetter(self.env.app, obj, name, *defargs)
           ^^^^^^^^^^^^^^^^^^^^^^^^^^^^^^^^^^^^^^^^^^^^^^^^^^^^^
  File "/home/sammich-home/Documents/coding/csw-to-stac/.venv/lib/python3.12/site-packages/sphinx/ext/autodoc/__init__.py", line 2835, in autodoc_attrgetter
    return safe_getattr(obj, name, *defargs)
           ^^^^^^^^^^^^^^^^^^^^^^^^^^^^^^^^^
  File "/home/sammich-home/Documents/coding/csw-to-stac/.venv/lib/python3.12/site-packages/sphinx/util/inspect.py", line 413, in safe_getattr
    raise AttributeError(name) from exc
AttributeError: main
 [autodoc.import_object]
/home/sammich-home/Documents/coding/csw-to-stac/docs/source/index.rst:7: WARNING: Title underline too short.

Geonetwork CSW to EDITO STAC documentation
=================================== [docutils]
/home/sammich-home/Documents/coding/csw-to-stac/docs/source/index.rst:10: WARNING: toctree contains reference to nonexisting document 'additional_scripts' [toc.not_readable]
/home/sammich-home/Documents/coding/csw-to-stac/docs/source/tests.rst:4: WARNING: toctree contains reference to nonexisting document 'analyze_results' [toc.not_readable]
looking for now-outdated files... none found
pickling environment... done
checking consistency... /home/sammich-home/Documents/coding/csw-to-stac/docs/source/_autosummary/csw2stac.main.rst: WARNING: document isn't included in any toctree
done
preparing documents... WARNING: unsupported theme option 'logo' given
WARNING: unsupported theme option 'logo_alt' given
WARNING: unsupported theme option 'logo_height' given
WARNING: unsupported theme option 'logo_width' given
done
copying assets... 
copying static files... 
Writing evaluated template result to /home/sammich-home/Documents/coding/csw-to-stac/docs/_build/html/_static/language_data.js
Writing evaluated template result to /home/sammich-home/Documents/coding/csw-to-stac/docs/_build/html/_static/documentation_options.js
Writing evaluated template result to /home/sammich-home/Documents/coding/csw-to-stac/docs/_build/html/_static/basic.css
Writing evaluated template result to /home/sammich-home/Documents/coding/csw-to-stac/docs/_build/html/_static/js/versions.js
copying static files: done
copying extra files... 
copying extra files: done
copying assets: done
writing output... [  6%] _autosummary/csw2stac
writing output... [ 12%] _autosummary/csw2stac.add_metadata
writing output... [ 19%] _autosummary/csw2stac.assets
writing output... [ 25%] _autosummary/csw2stac.central_portal_layer_catalog
writing output... [ 31%] _autosummary/csw2stac.csw_catalog
writing output... [ 38%] _autosummary/csw2stac.csw_to_stac
writing output... [ 44%] _autosummary/csw2stac.main
writing output... [ 50%] _autosummary/csw2stac.stac
writing output... [ 56%] _autosummary/csw2stac.stac_to_resto
writing output... [ 62%] _autosummary/csw2stac.utils
writing output... [ 69%] changelog
writing output... [ 75%] index
writing output... [ 81%] installation
writing output... [ 88%] modules
writing output... [ 94%] tests
writing output... [100%] usage

generating indices... genindex py-modindex done
highlighting module code... [ 12%] csw2stac.add_metadata
highlighting module code... [ 25%] csw2stac.assets
highlighting module code... [ 38%] csw2stac.central_portal_layer_catalog
highlighting module code... [ 50%] csw2stac.csw_catalog
highlighting module code... [ 62%] csw2stac.csw_to_stac
highlighting module code... [ 75%] csw2stac.stac
highlighting module code... [ 88%] csw2stac.stac_to_resto
highlighting module code... [100%] csw2stac.utils

writing additional pages... search done
dumping search index in English (code: en)... done
dumping object inventory... done
build succeeded, 10 warnings.

The HTML pages are in ../../docs/_build/html.
